<?xml version="1.0" encoding="UTF-8"?>
<!-- Generated by org.testng.reporters.JUnitXMLReporter -->
<testsuite hostname="GDC-RituN-LPT" ignored="2" name="Test" tests="4" failures="1" timestamp="2020-05-11T18:31:52 IST" time="20.755" errors="0">
  <testcase name="selectDropDown" time="0.701" classname="com.qa.testcases.PageClass1Test">
    <failure type="java.lang.AssertionError" message="did not expect to find [true] but found [false]">
      <![CDATA[java.lang.AssertionError: did not expect to find [true] but found [false]
at com.qa.testcases.PageClass1Test.selectDropDown(PageClass1Test.java:24)
at java.util.ArrayList.forEach(Unknown Source)
... Removed 31 stack frames]]>
    </failure>
  </testcase> <!-- selectDropDown -->
  <testcase name="check" time="0.001" classname="com.qa.testcases.TestClass2"/>
  <testcase name="check1" time="0.001" classname="com.qa.testcases.TestClass2"/>
  <testcase name="check2" time="0.001" classname="com.qa.testcases.TestClass2"/>
  <testcase name="@BeforeSuite beforeSuite" time="0.0" classname="com.qa.base.TestBase">
    <ignored/>
  </testcase> <!-- @BeforeSuite beforeSuite -->
  <testcase name="@AfterSuite afterSuite" time="0.0" classname="com.qa.base.TestBase">
    <ignored/>
  </testcase> <!-- @AfterSuite afterSuite -->
</testsuite> <!-- Test -->
